<?xml version="1.0" encoding="UTF-8"?>
<testng-results ignored="0" total="1" passed="1" failed="0" skipped="0">
  <reporter-output>
  </reporter-output>
  <suite started-at="2022-02-20T16:40:34Z" name="appireodoo" finished-at="2022-02-20T16:40:49Z" duration-ms="15599">
    <groups>
    </groups>
    <test started-at="2022-02-20T16:40:34Z" name="AspireOdoo Test" finished-at="2022-02-20T16:40:49Z" duration-ms="15599">
      <class name="com.odoo.testCases.TC_LoginTest_001">
        <test-method is-config="true" signature="setup(java.lang.String)[pri:0, instance:com.odoo.testCases.TC_LoginTest_001@106cc338]" started-at="2022-02-20T16:40:34Z" name="setup" finished-at="2022-02-20T16:40:41Z" duration-ms="6734" status="PASS">
          <params>
            <param index="0">
              <value>
                <![CDATA[chrome]]>
              </value>
            </param>
          </params>
          <reporter-output>
          </reporter-output>
        </test-method> <!-- setup -->
        <test-method signature="loginTest()[pri:0, instance:com.odoo.testCases.TC_LoginTest_001@106cc338]" started-at="2022-02-20T16:40:41Z" name="loginTest" finished-at="2022-02-20T16:40:49Z" duration-ms="8536" status="PASS">
          <reporter-output>
          </reporter-output>
        </test-method> <!-- loginTest -->
      </class> <!-- com.odoo.testCases.TC_LoginTest_001 -->
    </test> <!-- AspireOdoo Test -->
  </suite> <!-- appireodoo -->
</testng-results>
